0 info it worked if it ends with ok
1 verbose cli [ 'node', '/usr/local/bin/npm', 'install', 'declass-api-module' ]
2 info using npm@1.3.14
3 info using node@v0.10.22
4 verbose cache add [ 'declass-api-module', null ]
5 verbose cache add name=undefined spec="declass-api-module" args=["declass-api-module",null]
6 verbose parsed url { protocol: null,
6 verbose parsed url   slashes: null,
6 verbose parsed url   auth: null,
6 verbose parsed url   host: null,
6 verbose parsed url   port: null,
6 verbose parsed url   hostname: null,
6 verbose parsed url   hash: null,
6 verbose parsed url   search: null,
6 verbose parsed url   query: null,
6 verbose parsed url   pathname: 'declass-api-module',
6 verbose parsed url   path: 'declass-api-module',
6 verbose parsed url   href: 'declass-api-module' }
7 silly lockFile bc4c6253-declass-api-module declass-api-module
8 verbose lock declass-api-module /Users/knan/.npm/bc4c6253-declass-api-module.lock
9 silly lockFile bc4c6253-declass-api-module declass-api-module
10 silly lockFile bc4c6253-declass-api-module declass-api-module
11 verbose addNamed [ 'declass-api-module', '' ]
12 verbose addNamed [ null, '*' ]
13 silly lockFile 3d530767-declass-api-module declass-api-module@
14 verbose lock declass-api-module@ /Users/knan/.npm/3d530767-declass-api-module.lock
15 silly addNameRange { name: 'declass-api-module', range: '*', hasData: false }
16 verbose url raw declass-api-module
17 verbose url resolving [ 'https://registry.npmjs.org/', './declass-api-module' ]
18 verbose url resolved https://registry.npmjs.org/declass-api-module
19 info trying registry request attempt 1 at 22:45:42
20 http GET https://registry.npmjs.org/declass-api-module
21 http 404 https://registry.npmjs.org/declass-api-module
22 silly registry.get cb [ 404,
22 silly registry.get   { date: 'Sat, 15 Nov 2014 03:45:42 GMT',
22 silly registry.get     server: 'CouchDB/1.5.0 (Erlang OTP/R16B03)',
22 silly registry.get     'content-type': 'application/json',
22 silly registry.get     'cache-control': 'max-age=0',
22 silly registry.get     'content-length': '52',
22 silly registry.get     'accept-ranges': 'bytes',
22 silly registry.get     via: '1.1 varnish',
22 silly registry.get     age: '0',
22 silly registry.get     'x-served-by': 'cache-atl6231-ATL',
22 silly registry.get     'x-cache': 'MISS',
22 silly registry.get     'x-cache-hits': '0',
22 silly registry.get     'x-timer': 'S1416023142.271632,VS0,VE27',
22 silly registry.get     'keep-alive': 'timeout=10, max=50',
22 silly registry.get     connection: 'Keep-Alive' } ]
23 silly lockFile 3d530767-declass-api-module declass-api-module@
24 silly lockFile 3d530767-declass-api-module declass-api-module@
25 error 404 'declass-api-module' is not in the npm registry.
25 error 404 You should bug the author to publish it
25 error 404
25 error 404 Note that you can also install from a
25 error 404 tarball, folder, or http url, or git url.
26 error System Darwin 13.4.0
27 error command "node" "/usr/local/bin/npm" "install" "declass-api-module"
28 error cwd /Users/knan/gawk
29 error node -v v0.10.22
30 error npm -v 1.3.14
31 error code E404
32 verbose exit [ 1, true ]
